<?xml version="1.0" encoding="UTF-8"?><testsuite errors="0" failures="1" name="Ingresar a la pagina de la aeronautica civil" skipped="0" tests="1" time="44.11" timestamp="2021-10-27 07:42:35"><testcase name=""><failure message="&#10;Expected: an element that is visible&#10;     but: no matching element found by xpath: //span [contains (text(), 'Estado de Situación Financiera a 31 de agosto de 2021.pdf')]" type="java.lang.AssertionError">
Expected: an element that is visible
     but: no matching element found by xpath: //span [contains (text(), 'Estado de Situación Financiera a 31 de agosto de 2021.pdf')]</failure><system-err>
Expected: an element that is visible
     but: no matching element found by xpath: //span [contains (text(), 'Estado de Situación Financiera a 31 de agosto de 2021.pdf')]&#13;
tasks.Estado.performAs(Estado.java:43)&#13;
stepsdefinitions.IngresarAeroCivilStepDefinitions.navegaHastaLosEstadosFinancieros(IngresarAeroCivilStepDefinitions.java:34)&#13;
cucumber.runner.Runner.runPickle(Runner.java:80)&#13;
</system-err></testcase></testsuite>